                                                                                                                                                                                                                                                                                                                                                                              QUERY PLAN                                                                                                                                                                                                                                                                                                                                                                              
----------------------------------------------------------------------------------------------------------------------------------------------------------------------------------------------------------------------------------------------------------------------------------------------------------------------------------------------------------------------------------------------------------------------------------------------------------------------------------------------------------------------------------------------------------------------------------------------------------------------------------------------------------------------------------------------------------------------------------------------------------------------
 Limit  (cost=21039420.62..21039420.63 rows=1 width=32) (actual time=5458548.646..5458589.547 rows=1 loops=1)
   ->  Finalize Aggregate  (cost=21039420.62..21039420.63 rows=1 width=32) (actual time=5458548.643..5458548.644 rows=1 loops=1)
         ->  Gather  (cost=21039420.40..21039420.61 rows=2 width=32) (actual time=5458548.397..5458589.495 rows=3 loops=1)
               Workers Planned: 2
               Workers Launched: 2
               ->  Partial Aggregate  (cost=21038420.40..21038420.41 rows=1 width=32) (actual time=5458520.676..5458520.677 rows=1 loops=3)
                     ->  Parallel Hash Join  (cost=784002.89..21038385.67 rows=4630 width=12) (actual time=350879.383..5458496.713 rows=3760 loops=3)
                           Hash Cond: (lineitem.l_partkey = part.p_partkey)
                           Join Filter: (((part.p_brand = 'Brand#54'::bpchar) AND (part.p_container = ANY ('{"SM CASE","SM BOX","SM PACK","SM PKG"}'::bpchar[])) AND (lineitem.l_quantity >= '8'::numeric) AND (lineitem.l_quantity <= '18'::numeric) AND (part.p_size <= 5)) OR ((part.p_brand = 'Brand#22'::bpchar) AND (part.p_container = ANY ('{"MED BAG","MED BOX","MED PKG","MED PACK"}'::bpchar[])) AND (lineitem.l_quantity >= '13'::numeric) AND (lineitem.l_quantity <= '23'::numeric) AND (part.p_size <= 10)) OR ((part.p_brand = 'Brand#51'::bpchar) AND (part.p_container = ANY ('{"LG CASE","LG BOX","LG PACK","LG PKG"}'::bpchar[])) AND (lineitem.l_quantity >= '22'::numeric) AND (lineitem.l_quantity <= '32'::numeric) AND (part.p_size <= 15)))
                           Rows Removed by Join Filter: 4774
                           ->  Parallel Seq Scan on lineitem  (cost=0.00..20242255.00 rows=4620110 width=25) (actual time=88.578..5114295.300 rows=3572175 loops=3)
                                 Filter: ((l_shipmode = ANY ('{AIR,"AIR REG"}'::bpchar[])) AND (l_shipinstruct = 'DELIVER IN PERSON'::bpchar) AND (((l_quantity >= '8'::numeric) AND (l_quantity <= '18'::numeric)) OR ((l_quantity >= '13'::numeric) AND (l_quantity <= '23'::numeric)) OR ((l_quantity >= '22'::numeric) AND (l_quantity <= '32'::numeric))))
                                 Rows Removed by Filter: 196440459
                           ->  Parallel Hash  (cost=783752.35..783752.35 rows=20043 width=30) (actual time=340846.463..340846.464 rows=16054 loops=3)
                                 Buckets: 65536  Batches: 1  Memory Usage: 3552kB
                                 ->  Parallel Seq Scan on part  (cost=0.00..783752.35 rows=20043 width=30) (actual time=78.778..340803.863 rows=16054 loops=3)
                                       Filter: ((p_size >= 1) AND (((p_brand = 'Brand#54'::bpchar) AND (p_container = ANY ('{"SM CASE","SM BOX","SM PACK","SM PKG"}'::bpchar[])) AND (p_size <= 5)) OR ((p_brand = 'Brand#22'::bpchar) AND (p_container = ANY ('{"MED BAG","MED BOX","MED PKG","MED PACK"}'::bpchar[])) AND (p_size <= 10)) OR ((p_brand = 'Brand#51'::bpchar) AND (p_container = ANY ('{"LG CASE","LG BOX","LG PACK","LG PKG"}'::bpchar[])) AND (p_size <= 15))))
                                       Rows Removed by Filter: 6650612
 Planning Time: 49.405 ms
 Execution Time: 5458589.962 ms
(20 rows)

